2025-11-20 09:15:22 | 500 USD -> 439000,00 KGS | Rates to KGS: 87,8 / 1,0
2025-11-20 10:49:11 | 1200 EUR -> 118800,00 KGS | Rates to KGS: 99,0 / 1,0
2025-11-21 11:14:53 | 850 GBP -> 97979,50 KGS | Rates to KGS: 115,27 / 1,0
2025-11-21 13:01:20 | 100000 JPY -> 56000,00 KGS | Rates to KGS: 0,56 / 1,0
2025-11-21 14:37:45 | 500000 UZS -> 3650,00 KGS | Rates to KGS: 0,0073 / 1,0
2025-11-22 09:24:38 | 12000 KGS -> 103,74 GBP | Rates to KGS: 1,0 / 115,27
2025-11-22 11:13:32 | 8000 KGS -> 91,13 USD | Rates to KGS: 1,0 / 87,8
2025-11-22 15:49:14 | 15000 RUB -> 13274,34 KGS | Rates to KGS: 1,13 / 1,0
2025-11-23 09:06:39 | 50000 KZT -> 8500,00 KGS | Rates to KGS: 0,17 / 1,0
2025-11-23 10:22:40 | 3000 CNY -> 37110,00 KGS | Rates to KGS: 12,37 / 1,0
2025-11-23 16:18:22 | 250 TRY -> 515,00 KGS | Rates to KGS: 2,06 / 1,0
2025-11-24 09:44:58 | 400 AZN -> 20576,00 KGS | Rates to KGS: 51,44 / 1,0
2025-11-24 12:05:11 | 100 USD -> 11290,00 RUB | Rates to KGS: 87,8 / 1,13
2025-11-25 09:59:47 | 1000 EUR -> 11527,00 GBP | Rates to KGS: 99,0 / 115,27
2025-11-25 13:21:33 | 5000 GBP -> 1022087,80 KGS | Rates to KGS: 115,27 / 1,0
2025-11-26 10:48:09 | 20000 RUB -> 17700,00 KGS | Rates to KGS: 1,13 / 1,0
2025-11-26 15:18:32 | 1500 USD -> 178350,00 KGS | Rates to KGS: 87,8 / 1,0
2025-11-27 09:59:44 | 3000 KGS -> 2649,55 RUB | Rates to KGS: 1,0 / 1,13
2025-11-28 11:35:20 | 75000 KZT -> 12750,00 KGS | Rates to KGS: 0,17 / 1,0
2025-11-29 17:44:39 | 5000 CNY -> 61850,00 KGS | Rates to KGS: 12,37 / 1,0
2025-11-30 18:22:05 | 100 EUR -> 8780,00 RUB | Rates to KGS: 99,0 / 1,13
2025-12-02 23:17:39 | 8780 KGS -> 100,00 USD | Rates to KGS: 1,0 / 87,8
2025-12-02 23:18:12 | 2312431 UZS -> 328,16 AZN | Rates to KGS: 0,0073 / 51,44
